Created by PLY version 3.11 (http://www.dabeaz.com/ply)

Unused terminals:

    A
    ABBR
    ACRONYM
    ARTICLE
    ASIDE
    AUDIO
    B
    BDO
    BLOCKQUOTE
    BODY
    BR
    BUTTON
    CAPTION
    CITE
    COL
    COLGROUP
    DATALIST
    DFN
    DIV
    EM
    EMBED
    FIELDSET
    FOOTER
    FORM
    H1
    H2
    H3
    H4
    H5
    H6
    HEAD
    HEADER
    HR
    HTML
    IFRAME
    IMG
    INDENT
    INPUT
    KBD
    LABEL
    LEGEND
    LI
    LINK
    MARK
    META
    METER
    NAV
    OBJECT
    OL
    OPTGROUP
    OPTION
    OUTDENT
    OUTPUT
    P
    PRE
    PROGRESS
    Q
    RP
    RT
    RUBY
    SAMP
    SCRIPT
    SECTION
    SELECT
    SMALL
    SPAN
    STRONG
    STYLE
    SUB
    SUP
    TABLE
    TBODY
    TD
    TEXTAREA
    TFOOT
    TH
    THEAD
    TIME
    TITLE
    TR
    UL
    VAR
    VIDEO
    WBR

Grammar

Rule 0     S' -> doctype
Rule 1     doctype -> DOCTYPE
Rule 2     tag -> TAG

Terminals, with rules where they appear

A                    : 
ABBR                 : 
ACRONYM              : 
ARTICLE              : 
ASIDE                : 
AUDIO                : 
B                    : 
BDO                  : 
BLOCKQUOTE           : 
BODY                 : 
BR                   : 
BUTTON               : 
CAPTION              : 
CITE                 : 
COL                  : 
COLGROUP             : 
DATALIST             : 
DFN                  : 
DIV                  : 
DOCTYPE              : 1
EM                   : 
EMBED                : 
FIELDSET             : 
FOOTER               : 
FORM                 : 
H1                   : 
H2                   : 
H3                   : 
H4                   : 
H5                   : 
H6                   : 
HEAD                 : 
HEADER               : 
HR                   : 
HTML                 : 
IFRAME               : 
IMG                  : 
INDENT               : 
INPUT                : 
KBD                  : 
LABEL                : 
LEGEND               : 
LI                   : 
LINK                 : 
MARK                 : 
META                 : 
METER                : 
NAV                  : 
OBJECT               : 
OL                   : 
OPTGROUP             : 
OPTION               : 
OUTDENT              : 
OUTPUT               : 
P                    : 
PRE                  : 
PROGRESS             : 
Q                    : 
RP                   : 
RT                   : 
RUBY                 : 
SAMP                 : 
SCRIPT               : 
SECTION              : 
SELECT               : 
SMALL                : 
SPAN                 : 
STRONG               : 
STYLE                : 
SUB                  : 
SUP                  : 
TABLE                : 
TAG                  : 2
TBODY                : 
TD                   : 
TEXTAREA             : 
TFOOT                : 
TH                   : 
THEAD                : 
TIME                 : 
TITLE                : 
TR                   : 
UL                   : 
VAR                  : 
VIDEO                : 
WBR                  : 
error                : 

Nonterminals, with rules where they appear

doctype              : 0
tag                  : 

Parsing method: LALR

state 0

    (0) S' -> . doctype
    (1) doctype -> . DOCTYPE

    DOCTYPE         shift and go to state 2

    doctype                        shift and go to state 1

state 1

    (0) S' -> doctype .



state 2

    (1) doctype -> DOCTYPE .

    $end            reduce using rule 1 (doctype -> DOCTYPE .)

